Base path: /Applications/Unity/Unity.app/Contents
Cmd: initializeCompiler
Cmd: compileComputeKernel
  api=4 insize=1435 outsize=1561 ok=1
Cmd: compileComputeKernel
  api=4 insize=3273 outsize=593 ok=1
Cmd: compileComputeKernel
  api=14 insize=3273 outsize=7909 ok=1
Cmd: compileComputeKernel
  api=14 insize=3273 outsize=6585 ok=1
Cmd: translateComputeKernel
  api=14 insize=8317 outsize=8541 ok=1
Cmd: compileComputeKernel
  api=14 insize=1526 outsize=7489 ok=1
Cmd: translateComputeKernel
  api=14 insize=873 outsize=909 ok=1
Cmd: compileComputeKernel
  api=14 insize=2343 outsize=7313 ok=1
Cmd: translateComputeKernel
  api=14 insize=7313 outsize=3141 ok=1
